
--- 2023-11-22T10:57:54.342Z debug
🐛 Writing logs to ".wrangler/logs/wrangler-2023-11-22_10-57-54_264.log"
---

--- 2023-11-22T10:57:54.342Z log
Proxy environment variables detected. We'll use your proxy for fetch requests.
---

--- 2023-11-22T10:57:54.354Z debug
Failed to load .env file ".env": Error: ENOENT: no such file or directory, open '.env'
    at Object.open (node:internal/fs/sync:78:18)
    at Object.openSync (node:fs:565:17)
    at Object.readFileSync (node:fs:445:35)
    at tryLoadDotEnv (/home/edy/.config/nvm/versions/node/v20.9.0/lib/node_modules/wrangler/wrangler-dist/cli.js:122671:72)
    at loadDotEnv (/home/edy/.config/nvm/versions/node/v20.9.0/lib/node_modules/wrangler/wrangler-dist/cli.js:122680:12)
    at /home/edy/.config/nvm/versions/node/v20.9.0/lib/node_modules/wrangler/wrangler-dist/cli.js:146614:20
    at /home/edy/.config/nvm/versions/node/v20.9.0/lib/node_modules/wrangler/wrangler-dist/cli.js:130116:16
    at maybeAsyncResult (/home/edy/.config/nvm/versions/node/v20.9.0/lib/node_modules/wrangler/wrangler-dist/cli.js:128337:44)
    at /home/edy/.config/nvm/versions/node/v20.9.0/lib/node_modules/wrangler/wrangler-dist/cli.js:130115:14
    at /home/edy/.config/nvm/versions/node/v20.9.0/lib/node_modules/wrangler/wrangler-dist/cli.js:128324:22 {
  errno: -2,
  code: 'ENOENT',
  syscall: 'open',
  path: '.env'
}
---

--- 2023-11-22T10:57:54.361Z log
 ⛅️ wrangler 3.17.0
[38;2;255;136;0m-------------------[39m
---

--- 2023-11-22T10:57:54.361Z log
Attempting to login via OAuth...
---

--- 2023-11-22T10:57:54.364Z log
Opening a link in your default browser: https://dash.cloudflare.com/oauth2/auth?response_type=code&client_id=54d11594-84e4-41aa-b438-e81b8fa78ee7&redirect_uri=http%3A%2F%2Flocalhost%3A8976%2Foauth%2Fcallback&scope=account%3Aread%20user%3Aread%20workers%3Awrite%20workers_kv%3Awrite%20workers_routes%3Awrite%20workers_scripts%3Awrite%20workers_tail%3Aread%20d1%3Awrite%20pages%3Awrite%20zone%3Aread%20ssl_certs%3Awrite%20constellation%3Awrite%20ai%3Aread%20offline_access&state=TU4DJLQJJonT.-Et-1MyUmmdxwva9b__&code_challenge=aA6tviSYw6xPaliIfHxrSeiZ12c6wtvIMX7WULkt4mI&code_challenge_method=S256
---

--- 2023-11-22T10:59:05.714Z debug
Checking if domain has Access enabled: dash.cloudflare.com
---

--- 2023-11-22T10:59:05.714Z debug
Access switch not cached for: dash.cloudflare.com
---

--- 2023-11-22T10:59:05.910Z debug
Caching access switch for: dash.cloudflare.com
---

--- 2023-11-22T10:59:06.261Z log
Successfully logged in.
---

--- 2023-11-22T10:59:06.261Z debug
No folder available to cache configuration
---

--- 2023-11-22T10:59:06.266Z debug
No folder available to cache configuration
---

--- 2023-11-22T10:59:06.266Z debug
-- START CF API REQUEST: GET https://api.cloudflare.com/client/v4/user
---

--- 2023-11-22T10:59:06.267Z debug
HEADERS: omitted; set WRANGLER_LOG_SANITIZE=false to include sanitized data
---

--- 2023-11-22T10:59:06.267Z debug
INIT: omitted; set WRANGLER_LOG_SANITIZE=false to include sanitized data
---

--- 2023-11-22T10:59:06.267Z debug
-- END CF API REQUEST
---

--- 2023-11-22T10:59:06.682Z debug
-- START CF API RESPONSE: OK 200
---

--- 2023-11-22T10:59:06.682Z debug
HEADERS: omitted; set WRANGLER_LOG_SANITIZE=false to include sanitized data
---

--- 2023-11-22T10:59:06.682Z debug
RESPONSE: omitted; set WRANGLER_LOG_SANITIZE=false to include sanitized data
---

--- 2023-11-22T10:59:06.682Z debug
-- END CF API RESPONSE
---

--- 2023-11-22T10:59:11.279Z log
Your choice has been saved in the following file: ../../../../../../.wrangler/metrics.json.

  You can override the user level setting for a project in `wrangler.toml`:

   - to disable sending metrics for a project: `send_metrics = false`
   - to enable sending metrics for a project: `send_metrics = true`
---

--- 2023-11-22T10:59:11.280Z debug
Metrics dispatcher: Posting data {"type":"event","name":"login user","properties":{}}
---
