
--- 2023-11-22T10:57:44.992Z debug
🐛 Writing logs to ".wrangler/logs/wrangler-2023-11-22_10-57-44_915.log"
---

--- 2023-11-22T10:57:44.991Z log
Proxy environment variables detected. We'll use your proxy for fetch requests.
---

--- 2023-11-22T10:57:45.004Z debug
Failed to load .env file ".env": Error: ENOENT: no such file or directory, open '.env'
    at Object.open (node:internal/fs/sync:78:18)
    at Object.openSync (node:fs:565:17)
    at Object.readFileSync (node:fs:445:35)
    at tryLoadDotEnv (/home/edy/.config/nvm/versions/node/v20.9.0/lib/node_modules/wrangler/wrangler-dist/cli.js:122671:72)
    at loadDotEnv (/home/edy/.config/nvm/versions/node/v20.9.0/lib/node_modules/wrangler/wrangler-dist/cli.js:122680:12)
    at /home/edy/.config/nvm/versions/node/v20.9.0/lib/node_modules/wrangler/wrangler-dist/cli.js:146614:20
    at /home/edy/.config/nvm/versions/node/v20.9.0/lib/node_modules/wrangler/wrangler-dist/cli.js:130116:16
    at maybeAsyncResult (/home/edy/.config/nvm/versions/node/v20.9.0/lib/node_modules/wrangler/wrangler-dist/cli.js:128337:44)
    at /home/edy/.config/nvm/versions/node/v20.9.0/lib/node_modules/wrangler/wrangler-dist/cli.js:130115:14
    at /home/edy/.config/nvm/versions/node/v20.9.0/lib/node_modules/wrangler/wrangler-dist/cli.js:128324:22 {
  errno: -2,
  code: 'ENOENT',
  syscall: 'open',
  path: '.env'
}
---

--- 2023-11-22T10:57:45.009Z log
 ⛅️ wrangler 3.17.0
[38;2;255;136;0m-------------------[39m
---
