
--- 2023-11-22T10:56:14.643Z debug
🐛 Writing logs to ".wrangler/logs/wrangler-2023-11-22_10-56-14_557.log"
---

--- 2023-11-22T10:56:14.643Z log
Proxy environment variables detected. We'll use your proxy for fetch requests.
---

--- 2023-11-22T10:56:14.657Z debug
Failed to load .env file ".env": Error: ENOENT: no such file or directory, open '.env'
    at Object.open (node:internal/fs/sync:78:18)
    at Object.openSync (node:fs:565:17)
    at Object.readFileSync (node:fs:445:35)
    at tryLoadDotEnv (/home/edy/.npm/_npx/32026684e21afda6/node_modules/wrangler/wrangler-dist/cli.js:122671:72)
    at loadDotEnv (/home/edy/.npm/_npx/32026684e21afda6/node_modules/wrangler/wrangler-dist/cli.js:122680:12)
    at /home/edy/.npm/_npx/32026684e21afda6/node_modules/wrangler/wrangler-dist/cli.js:146614:20
    at /home/edy/.npm/_npx/32026684e21afda6/node_modules/wrangler/wrangler-dist/cli.js:130116:16
    at maybeAsyncResult (/home/edy/.npm/_npx/32026684e21afda6/node_modules/wrangler/wrangler-dist/cli.js:128337:44)
    at /home/edy/.npm/_npx/32026684e21afda6/node_modules/wrangler/wrangler-dist/cli.js:130115:14
    at /home/edy/.npm/_npx/32026684e21afda6/node_modules/wrangler/wrangler-dist/cli.js:128324:22 {
  errno: -2,
  code: 'ENOENT',
  syscall: 'open',
  path: '.env'
}
---
